                                      1 ;--------------------------------------------------------
                                      2 ; File Created by SDCC : free open source ANSI-C Compiler
                                      3 ; Version 3.6.0 #9615 (MINGW32)
                                      4 ;--------------------------------------------------------
                                      5 	.module assert
                                      6 	.optsdcc -mmcs51 --model-small
                                      7 	
                                      8 ;--------------------------------------------------------
                                      9 ; Public variables in this module
                                     10 ;--------------------------------------------------------
                                     11 	.globl _slab_Assert_PARM_2
                                     12 	.globl _slab_Assert
                                     13 ;--------------------------------------------------------
                                     14 ; special function registers
                                     15 ;--------------------------------------------------------
                                     16 	.area RSEG    (ABS,DATA)
      000000                         17 	.org 0x0000
                                     18 ;--------------------------------------------------------
                                     19 ; special function bits
                                     20 ;--------------------------------------------------------
                                     21 	.area RSEG    (ABS,DATA)
      000000                         22 	.org 0x0000
                                     23 ;--------------------------------------------------------
                                     24 ; overlayable register banks
                                     25 ;--------------------------------------------------------
                                     26 	.area REG_BANK_0	(REL,OVR,DATA)
      000000                         27 	.ds 8
                                     28 ;--------------------------------------------------------
                                     29 ; internal ram data
                                     30 ;--------------------------------------------------------
                                     31 	.area DSEG    (DATA)
                                     32 ;--------------------------------------------------------
                                     33 ; overlayable items in internal ram 
                                     34 ;--------------------------------------------------------
                                     35 	.area	OSEG    (OVR,DATA)
                           000000    36 Lassert.slab_Assert$line$1$1==.
      000000                         37 _slab_Assert_PARM_2:
      000000                         38 	.ds 2
                                     39 ;--------------------------------------------------------
                                     40 ; indirectly addressable internal ram data
                                     41 ;--------------------------------------------------------
                                     42 	.area ISEG    (DATA)
                                     43 ;--------------------------------------------------------
                                     44 ; absolute internal ram data
                                     45 ;--------------------------------------------------------
                                     46 	.area IABS    (ABS,DATA)
                                     47 	.area IABS    (ABS,DATA)
                                     48 ;--------------------------------------------------------
                                     49 ; bit data
                                     50 ;--------------------------------------------------------
                                     51 	.area BSEG    (BIT)
                                     52 ;--------------------------------------------------------
                                     53 ; paged external ram data
                                     54 ;--------------------------------------------------------
                                     55 	.area PSEG    (PAG,XDATA)
                                     56 ;--------------------------------------------------------
                                     57 ; external ram data
                                     58 ;--------------------------------------------------------
                                     59 	.area XSEG    (XDATA)
                                     60 ;--------------------------------------------------------
                                     61 ; absolute external ram data
                                     62 ;--------------------------------------------------------
                                     63 	.area XABS    (ABS,XDATA)
                                     64 ;--------------------------------------------------------
                                     65 ; external initialized ram data
                                     66 ;--------------------------------------------------------
                                     67 	.area XISEG   (XDATA)
                                     68 	.area HOME    (CODE)
                                     69 	.area GSINIT0 (CODE)
                                     70 	.area GSINIT1 (CODE)
                                     71 	.area GSINIT2 (CODE)
                                     72 	.area GSINIT3 (CODE)
                                     73 	.area GSINIT4 (CODE)
                                     74 	.area GSINIT5 (CODE)
                                     75 	.area GSINIT  (CODE)
                                     76 	.area GSFINAL (CODE)
                                     77 	.area CSEG    (CODE)
                                     78 ;--------------------------------------------------------
                                     79 ; global & static initialisations
                                     80 ;--------------------------------------------------------
                                     81 	.area HOME    (CODE)
                                     82 	.area GSINIT  (CODE)
                                     83 	.area GSFINAL (CODE)
                                     84 	.area GSINIT  (CODE)
                                     85 ;--------------------------------------------------------
                                     86 ; Home
                                     87 ;--------------------------------------------------------
                                     88 	.area HOME    (CODE)
                                     89 	.area HOME    (CODE)
                                     90 ;--------------------------------------------------------
                                     91 ; code
                                     92 ;--------------------------------------------------------
                                     93 	.area CSEG    (CODE)
                                     94 ;------------------------------------------------------------
                                     95 ;Allocation info for local variables in function 'slab_Assert'
                                     96 ;------------------------------------------------------------
                                     97 ;line                      Allocated with name '_slab_Assert_PARM_2'
                                     98 ;file                      Allocated to registers 
                                     99 ;------------------------------------------------------------
                           000000   100 	G$slab_Assert$0$0 ==.
                           000000   101 	C$assert.c$8$0$0 ==.
                                    102 ;	D:\Freelancer_projects\jan333\sdcc_project\lib\efm8_assert\assert.c:8: void slab_Assert( const char * file, int line )
                                    103 ;	-----------------------------------------
                                    104 ;	 function slab_Assert
                                    105 ;	-----------------------------------------
      000000                        106 _slab_Assert:
                           000007   107 	ar7 = 0x07
                           000006   108 	ar6 = 0x06
                           000005   109 	ar5 = 0x05
                           000004   110 	ar4 = 0x04
                           000003   111 	ar3 = 0x03
                           000002   112 	ar2 = 0x02
                           000001   113 	ar1 = 0x01
                           000000   114 	ar0 = 0x00
                           000000   115 	C$assert.c$13$1$2 ==.
                                    116 ;	D:\Freelancer_projects\jan333\sdcc_project\lib\efm8_assert\assert.c:13: while ( 1 );
      000000                        117 00102$:
      000000 80 FE            [24]  118 	sjmp	00102$
                           000002   119 	C$assert.c$14$1$2 ==.
                           000002   120 	XG$slab_Assert$0$0 ==.
      000002 22               [24]  121 	ret
                                    122 	.area CSEG    (CODE)
                                    123 	.area CONST   (CODE)
                                    124 	.area XINIT   (CODE)
                                    125 	.area CABS    (ABS,CODE)
