                                      1 ;--------------------------------------------------------
                                      2 ; File Created by SDCC : free open source ANSI-C Compiler
                                      3 ; Version 3.6.0 #9615 (MINGW32)
                                      4 ;--------------------------------------------------------
                                      5 	.module cert
                                      6 	.optsdcc -mmcs51 --model-large
                                      7 	
                                      8 ;--------------------------------------------------------
                                      9 ; Public variables in this module
                                     10 ;--------------------------------------------------------
                                     11 	.globl _RMASK
                                     12 	.globl _WMASK
                                     13 	.globl ___attest_size
                                     14 	.globl ___attest
                                     15 ;--------------------------------------------------------
                                     16 ; special function registers
                                     17 ;--------------------------------------------------------
                                     18 	.area RSEG    (ABS,DATA)
      000000                         19 	.org 0x0000
                                     20 ;--------------------------------------------------------
                                     21 ; special function bits
                                     22 ;--------------------------------------------------------
                                     23 	.area RSEG    (ABS,DATA)
      000000                         24 	.org 0x0000
                                     25 ;--------------------------------------------------------
                                     26 ; overlayable register banks
                                     27 ;--------------------------------------------------------
                                     28 	.area REG_BANK_0	(REL,OVR,DATA)
      000000                         29 	.ds 8
                                     30 ;--------------------------------------------------------
                                     31 ; internal ram data
                                     32 ;--------------------------------------------------------
                                     33 	.area DSEG    (DATA)
                                     34 ;--------------------------------------------------------
                                     35 ; overlayable items in internal ram 
                                     36 ;--------------------------------------------------------
                                     37 ;--------------------------------------------------------
                                     38 ; indirectly addressable internal ram data
                                     39 ;--------------------------------------------------------
                                     40 	.area ISEG    (DATA)
                                     41 ;--------------------------------------------------------
                                     42 ; absolute internal ram data
                                     43 ;--------------------------------------------------------
                                     44 	.area IABS    (ABS,DATA)
                                     45 	.area IABS    (ABS,DATA)
                                     46 ;--------------------------------------------------------
                                     47 ; bit data
                                     48 ;--------------------------------------------------------
                                     49 	.area BSEG    (BIT)
                                     50 ;--------------------------------------------------------
                                     51 ; paged external ram data
                                     52 ;--------------------------------------------------------
                                     53 	.area PSEG    (PAG,XDATA)
                                     54 ;--------------------------------------------------------
                                     55 ; external ram data
                                     56 ;--------------------------------------------------------
                                     57 	.area XSEG    (XDATA)
                                     58 ;--------------------------------------------------------
                                     59 ; absolute external ram data
                                     60 ;--------------------------------------------------------
                                     61 	.area XABS    (ABS,XDATA)
                                     62 ;--------------------------------------------------------
                                     63 ; external initialized ram data
                                     64 ;--------------------------------------------------------
                                     65 	.area XISEG   (XDATA)
                                     66 	.area HOME    (CODE)
                                     67 	.area GSINIT0 (CODE)
                                     68 	.area GSINIT1 (CODE)
                                     69 	.area GSINIT2 (CODE)
                                     70 	.area GSINIT3 (CODE)
                                     71 	.area GSINIT4 (CODE)
                                     72 	.area GSINIT5 (CODE)
                                     73 	.area GSINIT  (CODE)
                                     74 	.area GSFINAL (CODE)
                                     75 	.area CSEG    (CODE)
                                     76 ;--------------------------------------------------------
                                     77 ; global & static initialisations
                                     78 ;--------------------------------------------------------
                                     79 	.area HOME    (CODE)
                                     80 	.area GSINIT  (CODE)
                                     81 	.area GSFINAL (CODE)
                                     82 	.area GSINIT  (CODE)
                                     83 ;--------------------------------------------------------
                                     84 ; Home
                                     85 ;--------------------------------------------------------
                                     86 	.area HOME    (CODE)
                                     87 	.area HOME    (CODE)
                                     88 ;--------------------------------------------------------
                                     89 ; code
                                     90 ;--------------------------------------------------------
                                     91 	.area CSEG    (CODE)
                                     92 	.area CSEG    (CODE)
                                     93 	.area CONST   (CODE)
                           000000    94 G$__attest$0$0 == .
      000000                         95 ___attest:
      000000 30                      96 	.ascii "0"
      000001 82                      97 	.db 0x82
      000002 01                      98 	.db 0x01
      000003 7A 30                   99 	.ascii "z0"
      000005 82                     100 	.db 0x82
      000006 01                     101 	.db 0x01
      000007 20                     102 	.ascii " "
      000008 02                     103 	.db 0x02
      000009 09                     104 	.db 0x09
      00000A 00                     105 	.db 0x00
      00000B 91                     106 	.db 0x91
      00000C 50                     107 	.ascii "P"
      00000D 9A                     108 	.db 0x9a
      00000E EA                     109 	.db 0xea
      00000F 28                     110 	.ascii "("
      000010 11                     111 	.db 0x11
      000011 EF                     112 	.db 0xef
      000012 7C 30                  113 	.ascii "|0"
      000014 0A                     114 	.db 0x0a
      000015 06                     115 	.db 0x06
      000016 08                     116 	.db 0x08
      000017 2A                     117 	.ascii "*"
      000018 86                     118 	.db 0x86
      000019 48                     119 	.ascii "H"
      00001A CE                     120 	.db 0xce
      00001B 3D                     121 	.ascii "="
      00001C 04                     122 	.db 0x04
      00001D 03                     123 	.db 0x03
      00001E 02                     124 	.db 0x02
      00001F 30 45 31               125 	.ascii "0E1"
      000022 0B                     126 	.db 0x0b
      000023 30                     127 	.ascii "0"
      000024 09                     128 	.db 0x09
      000025 06                     129 	.db 0x06
      000026 03                     130 	.db 0x03
      000027 55                     131 	.ascii "U"
      000028 04                     132 	.db 0x04
      000029 06                     133 	.db 0x06
      00002A 13                     134 	.db 0x13
      00002B 02                     135 	.db 0x02
      00002C 41 55 31               136 	.ascii "AU1"
      00002F 13                     137 	.db 0x13
      000030 30                     138 	.ascii "0"
      000031 11                     139 	.db 0x11
      000032 06                     140 	.db 0x06
      000033 03                     141 	.db 0x03
      000034 55                     142 	.ascii "U"
      000035 04                     143 	.db 0x04
      000036 08                     144 	.db 0x08
      000037 0C                     145 	.db 0x0c
      000038 0A                     146 	.db 0x0a
      000039 53 6F 6D               147 	.ascii "Som"
      00003C 65 2D 53 74 61 74 65   148 	.ascii "e-State1!0"
             31 21 30
      000046 1F                     149 	.db 0x1f
      000047 06                     150 	.db 0x06
      000048 03                     151 	.db 0x03
      000049 55                     152 	.ascii "U"
      00004A 04                     153 	.db 0x04
      00004B 0A                     154 	.db 0x0a
      00004C 0C                     155 	.db 0x0c
      00004D 18                     156 	.db 0x18
      00004E 49 6E 74 65 72 6E 65   157 	.ascii "Internet Widgits Pty Ltd0"
             74 20 57 69 64 67 69
             74 73 20 50 74 79 20
             4C 74 64 30
      000067 1E                     158 	.db 0x1e
      000068 17                     159 	.db 0x17
      000069 0D                     160 	.db 0x0d
      00006A 31 37 30 31 32 38 30   161 	.ascii "170128061749Z"
             36 31 37 34 39 5A
      000077 17                     162 	.db 0x17
      000078 0D                     163 	.db 0x0d
      000079 31 37 30 32 32 37 30   164 	.ascii "170227061749Z0E1"
             36 31 37 34 39 5A 30
             45 31
      000089 0B                     165 	.db 0x0b
      00008A 30                     166 	.ascii "0"
      00008B 09                     167 	.db 0x09
      00008C 06                     168 	.db 0x06
      00008D 03                     169 	.db 0x03
      00008E 55                     170 	.ascii "U"
      00008F 04                     171 	.db 0x04
      000090 06                     172 	.db 0x06
      000091 13                     173 	.db 0x13
      000092 02                     174 	.db 0x02
      000093 41 55 31               175 	.ascii "AU1"
      000096 13                     176 	.db 0x13
      000097 30                     177 	.ascii "0"
      000098 11                     178 	.db 0x11
      000099 06                     179 	.db 0x06
      00009A 03                     180 	.db 0x03
      00009B 55                     181 	.ascii "U"
      00009C 04                     182 	.db 0x04
      00009D 08                     183 	.db 0x08
      00009E 0C                     184 	.db 0x0c
      00009F 0A                     185 	.db 0x0a
      0000A0 53 6F 6D 65 2D 53 74   186 	.ascii "Some-State1!0"
             61 74 65 31 21 30
      0000AD 1F                     187 	.db 0x1f
      0000AE 06                     188 	.db 0x06
      0000AF 03                     189 	.db 0x03
      0000B0 55                     190 	.ascii "U"
      0000B1 04                     191 	.db 0x04
      0000B2 0A                     192 	.db 0x0a
      0000B3 0C                     193 	.db 0x0c
      0000B4 18                     194 	.db 0x18
      0000B5 49 6E 74 65 72 6E 65   195 	.ascii "Internet Widgits Pty Ltd0Y0"
             74 20 57 69 64 67 69
             74 73 20 50 74 79 20
             4C 74 64 30 59 30
      0000D0 13                     196 	.db 0x13
      0000D1 06                     197 	.db 0x06
      0000D2 07                     198 	.db 0x07
      0000D3 2A                     199 	.ascii "*"
      0000D4 86                     200 	.db 0x86
      0000D5 48                     201 	.ascii "H"
      0000D6 CE                     202 	.db 0xce
      0000D7 3D                     203 	.ascii "="
      0000D8 02                     204 	.db 0x02
      0000D9 01                     205 	.db 0x01
      0000DA 06                     206 	.db 0x06
      0000DB 08                     207 	.db 0x08
      0000DC 2A                     208 	.ascii "*"
      0000DD 86                     209 	.db 0x86
      0000DE 48                     210 	.ascii "H"
      0000DF CE                     211 	.db 0xce
      0000E0 3D                     212 	.ascii "="
      0000E1 03                     213 	.db 0x03
      0000E2 01                     214 	.db 0x01
      0000E3 07                     215 	.db 0x07
      0000E4 03                     216 	.db 0x03
      0000E5 42                     217 	.ascii "B"
      0000E6 00                     218 	.db 0x00
      0000E7 04                     219 	.db 0x04
      0000E8 87                     220 	.db 0x87
      0000E9 8F                     221 	.db 0x8f
      0000EA 54 28 5A               222 	.ascii "T(Z"
      0000ED D5                     223 	.db 0xd5
      0000EE 19                     224 	.db 0x19
      0000EF B4                     225 	.db 0xb4
      0000F0 C0                     226 	.db 0xc0
      0000F1 95                     227 	.db 0x95
      0000F2 13                     228 	.db 0x13
      0000F3 AD                     229 	.db 0xad
      0000F4 22                     230 	.db 0x22
      0000F5 66                     231 	.ascii "f"
      0000F6 EC                     232 	.db 0xec
      0000F7 6A                     233 	.ascii "j"
      0000F8 81                     234 	.db 0x81
      0000F9 52                     235 	.ascii "R"
      0000FA E6                     236 	.db 0xe6
      0000FB 11                     237 	.db 0x11
      0000FC A9                     238 	.db 0xa9
      0000FD 33                     239 	.ascii "3"
      0000FE BB                     240 	.db 0xbb
      0000FF 3D                     241 	.ascii "="
      000100 DC                     242 	.db 0xdc
      000101 DE                     243 	.db 0xde
      000102 92                     244 	.db 0x92
      000103 C2                     245 	.db 0xc2
      000104 40 53                  246 	.ascii "@S"
      000106 9D                     247 	.db 0x9d
      000107 39                     248 	.ascii "9"
      000108 91                     249 	.db 0x91
      000109 EA                     250 	.db 0xea
      00010A F2                     251 	.db 0xf2
      00010B 0A                     252 	.db 0x0a
      00010C 96                     253 	.db 0x96
      00010D 61 30 2F               254 	.ascii "a0/"
      000110 EC                     255 	.db 0xec
      000111 65 4C                  256 	.ascii "eL"
      000113 80                     257 	.db 0x80
      000114 AA                     258 	.db 0xaa
      000115 BA                     259 	.db 0xba
      000116 15                     260 	.db 0x15
      000117 EB                     261 	.db 0xeb
      000118 9A                     262 	.db 0x9a
      000119 70 4C                  263 	.ascii "pL"
      00011B 80                     264 	.db 0x80
      00011C 59                     265 	.ascii "Y"
      00011D 93                     266 	.db 0x93
      00011E 7A 51                  267 	.ascii "zQ"
      000120 BE                     268 	.db 0xbe
      000121 07                     269 	.db 0x07
      000122 C3                     270 	.db 0xc3
      000123 26                     271 	.ascii "&"
      000124 85                     272 	.db 0x85
      000125 AB                     273 	.db 0xab
      000126 B0                     274 	.db 0xb0
      000127 2B 30                  275 	.ascii "+0"
      000129 0A                     276 	.db 0x0a
      00012A 06                     277 	.db 0x06
      00012B 08                     278 	.db 0x08
      00012C 2A                     279 	.ascii "*"
      00012D 86                     280 	.db 0x86
      00012E 48                     281 	.ascii "H"
      00012F CE                     282 	.db 0xce
      000130 3D                     283 	.ascii "="
      000131 04                     284 	.db 0x04
      000132 03                     285 	.db 0x03
      000133 02                     286 	.db 0x02
      000134 03                     287 	.db 0x03
      000135 48                     288 	.ascii "H"
      000136 00                     289 	.db 0x00
      000137 30 45                  290 	.ascii "0E"
      000139 02                     291 	.db 0x02
      00013A 21                     292 	.ascii "!"
      00013B 00                     293 	.db 0x00
      00013C ED                     294 	.db 0xed
      00013D 71                     295 	.ascii "q"
      00013E D4                     296 	.db 0xd4
      00013F 19                     297 	.db 0x19
      000140 01                     298 	.db 0x01
      000141 A2                     299 	.db 0xa2
      000142 FE                     300 	.db 0xfe
      000143 A5                     301 	.db 0xa5
      000144 A8                     302 	.db 0xa8
      000145 6E                     303 	.ascii "n"
      000146 A9                     304 	.db 0xa9
      000147 A4                     305 	.db 0xa4
      000148 8C                     306 	.db 0x8c
      000149 F4                     307 	.db 0xf4
      00014A CB                     308 	.db 0xcb
      00014B C6                     309 	.db 0xc6
      00014C 7F                     310 	.db 0x7f
      00014D C7                     311 	.db 0xc7
      00014E 92                     312 	.db 0x92
      00014F 28 56                  313 	.ascii "(V"
      000151 FA                     314 	.db 0xfa
      000152 05                     315 	.db 0x05
      000153 01                     316 	.db 0x01
      000154 A9                     317 	.db 0xa9
      000155 C9                     318 	.db 0xc9
      000156 BF                     319 	.db 0xbf
      000157 FB                     320 	.db 0xfb
      000158 2E                     321 	.ascii "."
      000159 83                     322 	.db 0x83
      00015A 24 33                  323 	.ascii "$3"
      00015C 02                     324 	.db 0x02
      00015D 20 3C 56               325 	.ascii " <V"
      000160 15                     326 	.db 0x15
      000161 7C                     327 	.ascii "|"
      000162 11                     328 	.db 0x11
      000163 8B                     329 	.db 0x8b
      000164 46                     330 	.ascii "F"
      000165 D2                     331 	.db 0xd2
      000166 53                     332 	.ascii "S"
      000167 F9                     333 	.db 0xf9
      000168 AC                     334 	.db 0xac
      000169 96                     335 	.db 0x96
      00016A F6                     336 	.db 0xf6
      00016B D0                     337 	.db 0xd0
      00016C AB                     338 	.db 0xab
      00016D 4D                     339 	.ascii "M"
      00016E 0F                     340 	.db 0x0f
      00016F F7                     341 	.db 0xf7
      000170 4A                     342 	.ascii "J"
      000171 F0                     343 	.db 0xf0
      000172 B0                     344 	.db 0xb0
      000173 AF                     345 	.db 0xaf
      000174 FB                     346 	.db 0xfb
      000175 8C                     347 	.db 0x8c
      000176 D0                     348 	.db 0xd0
      000177 18                     349 	.db 0x18
      000178 EE                     350 	.db 0xee
      000179 F0                     351 	.db 0xf0
      00017A C3                     352 	.db 0xc3
      00017B 73 68 67               353 	.ascii "shg"
      00017E 00                     354 	.db 0x00
                           00017F   355 G$__attest_size$0$0 == .
      00017F                        356 ___attest_size:
      00017F 7E 01                  357 	.byte #0x7e,#0x01	; 382
                           000181   358 G$WMASK$0$0 == .
      000181                        359 _WMASK:
      000181 9B                     360 	.db 0x9b
      000182 74                     361 	.ascii "t"
      000183 BE                     362 	.db 0xbe
      000184 D4                     363 	.db 0xd4
      000185 00                     364 	.db 0x00
      000186 EA                     365 	.db 0xea
      000187 52                     366 	.ascii "R"
      000188 88                     367 	.db 0x88
      000189 6A                     368 	.ascii "j"
      00018A 9E                     369 	.db 0x9e
      00018B B9                     370 	.db 0xb9
      00018C 5C                     371 	.db 0x5c
      00018D 69 2A                  372 	.ascii "i*"
      00018F 9C                     373 	.db 0x9c
      000190 70                     374 	.ascii "p"
      000191 0A                     375 	.db 0x0a
      000192 4F 20                  376 	.ascii "O "
      000194 B5                     377 	.db 0xb5
      000195 66 23                  378 	.ascii "f#"
      000197 A9                     379 	.db 0xa9
      000198 57                     380 	.ascii "W"
      000199 AF                     381 	.db 0xaf
      00019A 71 59                  382 	.ascii "qY"
      00019C D8                     383 	.db 0xd8
      00019D E8                     384 	.db 0xe8
      00019E A6                     385 	.db 0xa6
      00019F 6E 75 2F 29 4E 62      386 	.ascii "nu/)Nb"
      0001A5 00                     387 	.db 0x00
                           0001A6   388 G$RMASK$0$0 == .
      0001A6                        389 _RMASK:
      0001A6 48 49                  390 	.ascii "HI"
      0001A8 97                     391 	.db 0x97
      0001A9 13                     392 	.db 0x13
      0001AA 47                     393 	.ascii "G"
      0001AB DB                     394 	.db 0xdb
      0001AC A0                     395 	.db 0xa0
      0001AD 1D                     396 	.db 0x1d
      0001AE 24                     397 	.ascii "$"
      0001AF FD                     398 	.db 0xfd
      0001B0 5C                     399 	.db 0x5c
      0001B1 32                     400 	.ascii "2"
      0001B2 15                     401 	.db 0x15
      0001B3 66                     402 	.ascii "f"
      0001B4 C6                     403 	.db 0xc6
      0001B5 9D                     404 	.db 0x9d
      0001B6 98                     405 	.db 0x98
      0001B7 22                     406 	.db 0x22
      0001B8 99                     407 	.db 0x99
      0001B9 E9                     408 	.db 0xe9
      0001BA A0                     409 	.db 0xa0
      0001BB 22                     410 	.db 0x22
      0001BC 28                     411 	.ascii "("
      0001BD 99                     412 	.db 0x99
      0001BE 79                     413 	.ascii "y"
      0001BF 0B                     414 	.db 0x0b
      0001C0 DD                     415 	.db 0xdd
      0001C1 0F                     416 	.db 0x0f
      0001C2 79                     417 	.ascii "y"
      0001C3 A5                     418 	.db 0xa5
      0001C4 2C                     419 	.ascii ","
      0001C5 E2                     420 	.db 0xe2
      0001C6 00                     421 	.db 0x00
                                    422 	.area XINIT   (CODE)
                                    423 	.area CABS    (ABS,CODE)
